<?xml version="1.0" encoding="UTF-8"?>
<!-- Generated by org.testng.reporters.JUnitXMLReporter -->
<testsuite ignored="0" hostname="DESKTOP-073QPVU" failures="0" tests="8" name="Test" time="0.12" errors="0" timestamp="2022-12-28T09:08:37 IST">
  <testcase classname="functionalTest.Product" name="verifyElectronic" time="0.007"/>
  <testcase classname="functionalTest.Product" name="verifyGrocery" time="0.006"/>
  <testcase classname="functionalTest.Product" name="verifyHouseHold" time="0.005"/>
  <testcase classname="functionalTest.Product" name="verifyKitchenAppliences" time="0.003"/>
  <testcase classname="functionalTest.Payment" name="verifyCreditCard" time="0.009"/>
  <testcase classname="functionalTest.Payment" name="verifyDebitCard" time="0.007"/>
  <testcase classname="functionalTest.Payment" name="verifyNetBanking" time="0.002"/>
  <testcase classname="functionalTest.Payment" name="verifyUPI" time="0.005"/>
</testsuite> <!-- Test -->
