<?xml version="1.0" encoding="UTF-8"?>
<!-- Generated by org.testng.reporters.JUnitXMLReporter -->
<testsuite ignored="0" hostname="DESKTOP-073QPVU" failures="0" tests="8" name="Default test" time="0.957" errors="0" timestamp="2022-12-28T08:28:53 IST">
  <testcase classname="functionalTest.Payment" name="verifyCreditCard" time="0.231"/>
  <testcase classname="functionalTest.Payment" name="verifyDebitCard" time="0.007"/>
  <testcase classname="functionalTest.Payment" name="verifyNetBanking" time="0.033"/>
  <testcase classname="functionalTest.Payment" name="verifyUPI" time="0.03"/>
  <testcase classname="functionalTest.Product" name="verifyElectronic" time="0.004"/>
  <testcase classname="functionalTest.Product" name="verifyGrocery" time="0.013"/>
  <testcase classname="functionalTest.Product" name="verifyHouseHold" time="0.004"/>
  <testcase classname="functionalTest.Product" name="verifyKitchenAppliences" time="0.01"/>
</testsuite> <!-- Default test -->
