<?xml version="1.0" encoding="UTF-8"?>
<!-- Generated by org.testng.reporters.JUnitXMLReporter -->
<testsuite ignored="0" hostname="DESKTOP-073QPVU" failures="0" tests="8" name="Test" time="0.749" errors="0" timestamp="2022-12-28T08:44:42 IST">
  <testcase classname="functionalTest.Product" name="verifyElectronic" time="0.018"/>
  <testcase classname="functionalTest.Product" name="verifyGrocery" time="0.019"/>
  <testcase classname="functionalTest.Product" name="verifyHouseHold" time="0.015"/>
  <testcase classname="functionalTest.Product" name="verifyKitchenAppliences" time="0.007"/>
  <testcase classname="functionalTest.Payment" name="verifyCreditCard" time="0.042"/>
  <testcase classname="functionalTest.Payment" name="verifyDebitCard" time="0.023"/>
  <testcase classname="functionalTest.Payment" name="verifyNetBanking" time="0.005"/>
  <testcase classname="functionalTest.Payment" name="verifyUPI" time="0.008"/>
</testsuite> <!-- Test -->
