<?xml version="1.0" encoding="UTF-8"?>
<testng-results ignored="0" total="13" passed="13" failed="0" skipped="0">
  <reporter-output>
  </reporter-output>
  <suite started-at="2022-12-28T09:08:35 IST" name="Sanity Test" finished-at="2022-12-28T09:08:36 IST" duration-ms="1026">
    <groups>
    </groups>
    <test started-at="2022-12-28T09:08:35 IST" name="Test" finished-at="2022-12-28T09:08:36 IST" duration-ms="1026">
      <class name="sanityTest.HomePageTest">
        <test-method signature="verifyItems()[pri:0, instance:sanityTest.HomePageTest@7ef82753]" started-at="2022-12-28T09:08:36 IST" name="verifyItems" finished-at="2022-12-28T09:08:36 IST" duration-ms="189" status="PASS">
          <reporter-output>
          </reporter-output>
        </test-method> <!-- verifyItems -->
        <test-method signature="verifySearch()[pri:0, instance:sanityTest.HomePageTest@7ef82753]" started-at="2022-12-28T09:08:36 IST" name="verifySearch" finished-at="2022-12-28T09:08:36 IST" duration-ms="4" status="PASS">
          <reporter-output>
          </reporter-output>
        </test-method> <!-- verifySearch -->
        <test-method signature="verifySignInButton()[pri:0, instance:sanityTest.HomePageTest@7ef82753]" started-at="2022-12-28T09:08:36 IST" name="verifySignInButton" finished-at="2022-12-28T09:08:36 IST" duration-ms="47" status="PASS">
          <reporter-output>
          </reporter-output>
        </test-method> <!-- verifySignInButton -->
      </class> <!-- sanityTest.HomePageTest -->
      <class name="sanityTest.Login">
        <test-method signature="verifyLoginByEmail()[pri:0, instance:sanityTest.Login@1cf6d1be]" started-at="2022-12-28T09:08:36 IST" name="verifyLoginByEmail" finished-at="2022-12-28T09:08:36 IST" duration-ms="16" status="PASS">
          <reporter-output>
          </reporter-output>
        </test-method> <!-- verifyLoginByEmail -->
        <test-method signature="verifyLoginByMobileNo()[pri:0, instance:sanityTest.Login@1cf6d1be]" started-at="2022-12-28T09:08:36 IST" name="verifyLoginByMobileNo" finished-at="2022-12-28T09:08:36 IST" duration-ms="6" status="PASS">
          <reporter-output>
          </reporter-output>
        </test-method> <!-- verifyLoginByMobileNo -->
      </class> <!-- sanityTest.Login -->
    </test> <!-- Test -->
  </suite> <!-- Sanity Test -->
  <suite started-at="2022-12-28T09:08:37 IST" name="Functional Test" finished-at="2022-12-28T09:08:37 IST" duration-ms="120">
    <groups>
    </groups>
    <test started-at="2022-12-28T09:08:37 IST" name="Test" finished-at="2022-12-28T09:08:37 IST" duration-ms="120">
      <class name="functionalTest.Payment">
        <test-method signature="verifyCreditCard()[pri:0, instance:functionalTest.Payment@70ed52de]" started-at="2022-12-28T09:08:37 IST" name="verifyCreditCard" finished-at="2022-12-28T09:08:37 IST" duration-ms="9" status="PASS">
          <reporter-output>
          </reporter-output>
        </test-method> <!-- verifyCreditCard -->
        <test-method signature="verifyDebitCard()[pri:0, instance:functionalTest.Payment@70ed52de]" started-at="2022-12-28T09:08:37 IST" name="verifyDebitCard" finished-at="2022-12-28T09:08:37 IST" duration-ms="7" status="PASS">
          <reporter-output>
          </reporter-output>
        </test-method> <!-- verifyDebitCard -->
        <test-method signature="verifyNetBanking()[pri:0, instance:functionalTest.Payment@70ed52de]" started-at="2022-12-28T09:08:37 IST" name="verifyNetBanking" finished-at="2022-12-28T09:08:37 IST" duration-ms="2" status="PASS">
          <reporter-output>
          </reporter-output>
        </test-method> <!-- verifyNetBanking -->
        <test-method signature="verifyUPI()[pri:0, instance:functionalTest.Payment@70ed52de]" started-at="2022-12-28T09:08:37 IST" name="verifyUPI" finished-at="2022-12-28T09:08:37 IST" duration-ms="5" status="PASS">
          <reporter-output>
          </reporter-output>
        </test-method> <!-- verifyUPI -->
      </class> <!-- functionalTest.Payment -->
      <class name="functionalTest.Product">
        <test-method signature="verifyElectronic()[pri:0, instance:functionalTest.Product@5ddeb7cb]" started-at="2022-12-28T09:08:37 IST" name="verifyElectronic" finished-at="2022-12-28T09:08:37 IST" duration-ms="7" status="PASS">
          <reporter-output>
          </reporter-output>
        </test-method> <!-- verifyElectronic -->
        <test-method signature="verifyGrocery()[pri:0, instance:functionalTest.Product@5ddeb7cb]" started-at="2022-12-28T09:08:37 IST" name="verifyGrocery" finished-at="2022-12-28T09:08:37 IST" duration-ms="6" status="PASS">
          <reporter-output>
          </reporter-output>
        </test-method> <!-- verifyGrocery -->
        <test-method signature="verifyHouseHold()[pri:0, instance:functionalTest.Product@5ddeb7cb]" started-at="2022-12-28T09:08:37 IST" name="verifyHouseHold" finished-at="2022-12-28T09:08:37 IST" duration-ms="5" status="PASS">
          <reporter-output>
          </reporter-output>
        </test-method> <!-- verifyHouseHold -->
        <test-method signature="verifyKitchenAppliences()[pri:0, instance:functionalTest.Product@5ddeb7cb]" started-at="2022-12-28T09:08:37 IST" name="verifyKitchenAppliences" finished-at="2022-12-28T09:08:37 IST" duration-ms="3" status="PASS">
          <reporter-output>
          </reporter-output>
        </test-method> <!-- verifyKitchenAppliences -->
      </class> <!-- functionalTest.Product -->
    </test> <!-- Test -->
  </suite> <!-- Functional Test -->
  <suite started-at="2022-12-28T09:08:38 IST" name="Master Suite" finished-at="2022-12-28T09:08:38 IST" duration-ms="0">
    <groups>
    </groups>
  </suite> <!-- Master Suite -->
</testng-results>
