<?xml version="1.0" encoding="UTF-8"?>
<!-- Generated by org.testng.reporters.JUnitXMLReporter -->
<testsuite ignored="0" hostname="DESKTOP-073QPVU" failures="0" tests="5" name="Test" time="0.968" errors="0" timestamp="2022-12-28T08:44:41 IST">
  <testcase classname="sanityTest.HomePageTest" name="verifyItems" time="0.294"/>
  <testcase classname="sanityTest.HomePageTest" name="verifySearch" time="0.031"/>
  <testcase classname="sanityTest.HomePageTest" name="verifySignInButton" time="0.017"/>
  <testcase classname="sanityTest.Login" name="verifyLoginByEmail" time="0.007"/>
  <testcase classname="sanityTest.Login" name="verifyLoginByMobileNo" time="0.096"/>
</testsuite> <!-- Test -->
