<?xml version="1.0" encoding="UTF-8"?>
<!-- Generated by org.testng.reporters.JUnitXMLReporter -->
<testsuite ignored="0" hostname="DESKTOP-073QPVU" failures="0" tests="5" name="Test" time="1.026" errors="0" timestamp="2022-12-28T09:08:37 IST">
  <testcase classname="sanityTest.HomePageTest" name="verifyItems" time="0.189"/>
  <testcase classname="sanityTest.HomePageTest" name="verifySearch" time="0.004"/>
  <testcase classname="sanityTest.HomePageTest" name="verifySignInButton" time="0.047"/>
  <testcase classname="sanityTest.Login" name="verifyLoginByEmail" time="0.016"/>
  <testcase classname="sanityTest.Login" name="verifyLoginByMobileNo" time="0.006"/>
</testsuite> <!-- Test -->
